app/build/intermediates/manifest_merge_blame_file/debug/manifest-merger-blame-debug-report.txt
1<?xml version="1.0" encoding="utf-8"?>
2<manifest xmlns:android="http://schemas.android.com/apk/res/android"
3    package="com.example.primerp_arqui_entrenador_java"
4    android:versionCode="1"
5    android:versionName="1.0" >
6<!--     <uses-permission android:name="android.permission.WRITE_EXTERNAL_STORAGE" android:required="false" /> -->
7    <uses-sdk
8        android:minSdkVersion="31"
9        android:targetSdkVersion="33" />
10
11    <uses-permission android:name="android.permission.WRITE_EXTERNAL_STORAGE" />
11-->src\main\AndroidManifest.xml:104:5-81
11-->src\main\AndroidManifest.xml:104:22-78
12    <uses-permission android:name="android.permission.READ_EXTERNAL_STORAGE" />
12-->src\main\AndroidManifest.xml:105:5-80
12-->src\main\AndroidManifest.xml:105:22-77
13
14    <permission
14-->[androidx.core:core:1.13.0] AndroidManifest.xml:22:5-24:47
15        android:name="com.example.primerp_arqui_entrenador_java.DYNAMIC_RECEIVER_NOT_EXPORTED_PERMISSION"
15-->[androidx.core:core:1.13.0] AndroidManifest.xml:23:9-81
16        android:protectionLevel="signature" />
16-->[androidx.core:core:1.13.0] AndroidManifest.xml:24:9-44
17
18    <uses-permission android:name="com.example.primerp_arqui_entrenador_java.DYNAMIC_RECEIVER_NOT_EXPORTED_PERMISSION" />
18-->[androidx.core:core:1.13.0] AndroidManifest.xml:26:5-97
18-->[androidx.core:core:1.13.0] AndroidManifest.xml:26:22-94
19
20    <application
20-->src\main\AndroidManifest.xml:5:5-101:19
21        android:allowBackup="true"
21-->src\main\AndroidManifest.xml:6:9-35
22        android:appComponentFactory="androidx.core.app.CoreComponentFactory"
22-->[androidx.core:core:1.13.0] AndroidManifest.xml:28:18-86
23        android:dataExtractionRules="@xml/data_extraction_rules"
23-->src\main\AndroidManifest.xml:7:9-65
24        android:debuggable="true"
25        android:extractNativeLibs="false"
26        android:fullBackupContent="@xml/backup_rules"
26-->src\main\AndroidManifest.xml:8:9-54
27        android:icon="@mipmap/ic_launcher"
27-->src\main\AndroidManifest.xml:9:9-43
28        android:label="@string/app_name"
28-->src\main\AndroidManifest.xml:10:9-41
29        android:roundIcon="@mipmap/ic_launcher_round"
29-->src\main\AndroidManifest.xml:11:9-54
30        android:supportsRtl="true"
30-->src\main\AndroidManifest.xml:12:9-35
31        android:testOnly="true"
32        android:theme="@style/Theme.PrimerP_Arqui_entrenador_java" >
32-->src\main\AndroidManifest.xml:13:9-67
33
34        <!-- Actividad principal -->
35        <activity
35-->src\main\AndroidManifest.xml:18:9-25:20
36            android:name="com.example.personal_trainner_mvc.Views.cliente.MainActivity"
36-->src\main\AndroidManifest.xml:19:13-88
37            android:exported="true" >
37-->src\main\AndroidManifest.xml:20:13-36
38            <intent-filter>
38-->src\main\AndroidManifest.xml:21:13-24:29
39                <action android:name="android.intent.action.MAIN" />
39-->src\main\AndroidManifest.xml:22:17-69
39-->src\main\AndroidManifest.xml:22:25-66
40
41                <category android:name="android.intent.category.LAUNCHER" />
41-->src\main\AndroidManifest.xml:23:17-77
41-->src\main\AndroidManifest.xml:23:27-74
42            </intent-filter>
43        </activity>
44
45        <!-- Otras actividades -->
46        <activity android:name="com.example.personal_trainner_mvc.Views.cliente.VClienteCreate" />
46-->src\main\AndroidManifest.xml:28:9-29:93
46-->src\main\AndroidManifest.xml:29:13-90
47        <activity
47-->src\main\AndroidManifest.xml:31:9-33:55
48            android:name="com.example.personal_trainner_mvc.Views.Categoria.VCategoria"
48-->src\main\AndroidManifest.xml:32:13-88
49            android:windowSoftInputMode="adjustPan" />
49-->src\main\AndroidManifest.xml:33:13-52
50        <activity
50-->src\main\AndroidManifest.xml:35:9-37:55
51            android:name="com.example.personal_trainner_mvc.Views.comida.VCategoriaComida"
51-->src\main\AndroidManifest.xml:36:13-91
52            android:windowSoftInputMode="adjustPan" />
52-->src\main\AndroidManifest.xml:37:13-52
53        <activity
53-->src\main\AndroidManifest.xml:39:9-41:51
54            android:name="com.example.personal_trainner_mvc.Views.ejercicio.VEjercicioIndex"
54-->src\main\AndroidManifest.xml:40:9-89
55            android:windowSoftInputMode="adjustPan" />
55-->src\main\AndroidManifest.xml:41:9-48
56        <activity
56-->src\main\AndroidManifest.xml:43:9-45:55
57            android:name="com.example.personal_trainner_mvc.Views.suscripcion.VSuscripcionIndex"
57-->src\main\AndroidManifest.xml:44:13-97
58            android:windowSoftInputMode="adjustPan" />
58-->src\main\AndroidManifest.xml:45:13-52
59        <activity android:name="com.example.personal_trainner_mvc.Views.ejercicio.VEjercicioCreate" >
59-->src\main\AndroidManifest.xml:47:9-49:20
59-->src\main\AndroidManifest.xml:47:19-100
60        </activity>
61        <activity android:name="com.example.personal_trainner_mvc.Views.suscripcion.VSuscripcionCreate" >
61-->src\main\AndroidManifest.xml:52:9-54:20
61-->src\main\AndroidManifest.xml:52:19-104
62        </activity>
63        <activity android:name="com.example.personal_trainner_mvc.Views.rutina.VRutinaIndex" >
63-->src\main\AndroidManifest.xml:55:9-57:20
63-->src\main\AndroidManifest.xml:55:19-93
64        </activity>
65        <activity android:name="com.example.personal_trainner_mvc.Views.rutina.VRutinaCreate" >
65-->src\main\AndroidManifest.xml:58:9-60:20
65-->src\main\AndroidManifest.xml:58:19-94
66        </activity>
67        <activity android:name="com.example.personal_trainner_mvc.Views.comida.VComidaIndex" >
67-->src\main\AndroidManifest.xml:61:9-63:20
67-->src\main\AndroidManifest.xml:61:19-93
68        </activity>
69        <activity android:name="com.example.personal_trainner_mvc.Views.comida.VComidaCreate" >
69-->src\main\AndroidManifest.xml:66:9-68:20
69-->src\main\AndroidManifest.xml:66:19-94
70        </activity>
71        <activity android:name="com.example.personal_trainner_mvc.Views.rutinaejercicios.VRutinaEjercicioCreate" >
71-->src\main\AndroidManifest.xml:70:9-72:20
71-->src\main\AndroidManifest.xml:70:19-113
72        </activity>
73        <activity android:name="com.example.personal_trainner_mvc.Views.rutinaejercicios.VRutinaEjercicioIndex" >
73-->src\main\AndroidManifest.xml:75:9-77:20
73-->src\main\AndroidManifest.xml:75:19-112
74        </activity>
75        <activity android:name="com.example.personal_trainner_mvc.Views.cronograma.VCronogramaCreate" >
75-->src\main\AndroidManifest.xml:78:9-79:20
75-->src\main\AndroidManifest.xml:78:19-102
76        </activity>
77        <activity android:name="com.example.personal_trainner_mvc.Views.cronograma.VCronogramaShow" >
77-->src\main\AndroidManifest.xml:80:9-82:20
77-->src\main\AndroidManifest.xml:80:19-100
78        </activity>
79        <activity android:name="com.example.personal_trainner_mvc.Views.cliente.VClienteShow" >
79-->src\main\AndroidManifest.xml:84:9-86:20
79-->src\main\AndroidManifest.xml:84:19-94
80        </activity>
81
82        <provider
83            android:name="androidx.core.content.FileProvider"
83-->src\main\AndroidManifest.xml:89:13-62
84            android:authorities="com.example.primerp_arqui_entrenador_java.provider"
84-->src\main\AndroidManifest.xml:90:13-60
85            android:exported="false"
85-->src\main\AndroidManifest.xml:91:13-37
86            android:grantUriPermissions="true" >
86-->src\main\AndroidManifest.xml:92:13-47
87            <meta-data
87-->src\main\AndroidManifest.xml:94:13-96:54
88                android:name="android.support.FILE_PROVIDER_PATHS"
88-->src\main\AndroidManifest.xml:95:17-67
89                android:resource="@xml/file_paths" />
89-->src\main\AndroidManifest.xml:96:17-51
90        </provider>
91        <provider
91-->[androidx.emoji2:emoji2:1.3.0] AndroidManifest.xml:24:9-32:20
92            android:name="androidx.startup.InitializationProvider"
92-->[androidx.emoji2:emoji2:1.3.0] AndroidManifest.xml:25:13-67
93            android:authorities="com.example.primerp_arqui_entrenador_java.androidx-startup"
93-->[androidx.emoji2:emoji2:1.3.0] AndroidManifest.xml:26:13-68
94            android:exported="false" >
94-->[androidx.emoji2:emoji2:1.3.0] AndroidManifest.xml:27:13-37
95            <meta-data
95-->[androidx.emoji2:emoji2:1.3.0] AndroidManifest.xml:29:13-31:52
96                android:name="androidx.emoji2.text.EmojiCompatInitializer"
96-->[androidx.emoji2:emoji2:1.3.0] AndroidManifest.xml:30:17-75
97                android:value="androidx.startup" />
97-->[androidx.emoji2:emoji2:1.3.0] AndroidManifest.xml:31:17-49
98            <meta-data
98-->[androidx.lifecycle:lifecycle-process:2.6.2] AndroidManifest.xml:29:13-31:52
99                android:name="androidx.lifecycle.ProcessLifecycleInitializer"
99-->[androidx.lifecycle:lifecycle-process:2.6.2] AndroidManifest.xml:30:17-78
100                android:value="androidx.startup" />
100-->[androidx.lifecycle:lifecycle-process:2.6.2] AndroidManifest.xml:31:17-49
101            <meta-data
101-->[androidx.profileinstaller:profileinstaller:1.3.1] AndroidManifest.xml:29:13-31:52
102                android:name="androidx.profileinstaller.ProfileInstallerInitializer"
102-->[androidx.profileinstaller:profileinstaller:1.3.1] AndroidManifest.xml:30:17-85
103                android:value="androidx.startup" />
103-->[androidx.profileinstaller:profileinstaller:1.3.1] AndroidManifest.xml:31:17-49
104        </provider>
105
106        <receiver
106-->[androidx.profileinstaller:profileinstaller:1.3.1] AndroidManifest.xml:34:9-52:20
107            android:name="androidx.profileinstaller.ProfileInstallReceiver"
107-->[androidx.profileinstaller:profileinstaller:1.3.1] AndroidManifest.xml:35:13-76
108            android:directBootAware="false"
108-->[androidx.profileinstaller:profileinstaller:1.3.1] AndroidManifest.xml:36:13-44
109            android:enabled="true"
109-->[androidx.profileinstaller:profileinstaller:1.3.1] AndroidManifest.xml:37:13-35
110            android:exported="true"
110-->[androidx.profileinstaller:profileinstaller:1.3.1] AndroidManifest.xml:38:13-36
111            android:permission="android.permission.DUMP" >
111-->[androidx.profileinstaller:profileinstaller:1.3.1] AndroidManifest.xml:39:13-57
112            <intent-filter>
112-->[androidx.profileinstaller:profileinstaller:1.3.1] AndroidManifest.xml:40:13-42:29
113                <action android:name="androidx.profileinstaller.action.INSTALL_PROFILE" />
113-->[androidx.profileinstaller:profileinstaller:1.3.1] AndroidManifest.xml:41:17-91
113-->[androidx.profileinstaller:profileinstaller:1.3.1] AndroidManifest.xml:41:25-88
114            </intent-filter>
115            <intent-filter>
115-->[androidx.profileinstaller:profileinstaller:1.3.1] AndroidManifest.xml:43:13-45:29
116                <action android:name="androidx.profileinstaller.action.SKIP_FILE" />
116-->[androidx.profileinstaller:profileinstaller:1.3.1] AndroidManifest.xml:44:17-85
116-->[androidx.profileinstaller:profileinstaller:1.3.1] AndroidManifest.xml:44:25-82
117            </intent-filter>
118            <intent-filter>
118-->[androidx.profileinstaller:profileinstaller:1.3.1] AndroidManifest.xml:46:13-48:29
119                <action android:name="androidx.profileinstaller.action.SAVE_PROFILE" />
119-->[androidx.profileinstaller:profileinstaller:1.3.1] AndroidManifest.xml:47:17-88
119-->[androidx.profileinstaller:profileinstaller:1.3.1] AndroidManifest.xml:47:25-85
120            </intent-filter>
121            <intent-filter>
121-->[androidx.profileinstaller:profileinstaller:1.3.1] AndroidManifest.xml:49:13-51:29
122                <action android:name="androidx.profileinstaller.action.BENCHMARK_OPERATION" />
122-->[androidx.profileinstaller:profileinstaller:1.3.1] AndroidManifest.xml:50:17-95
122-->[androidx.profileinstaller:profileinstaller:1.3.1] AndroidManifest.xml:50:25-92
123            </intent-filter>
124        </receiver>
125    </application>
126
127</manifest>